<?xml version="1.0" encoding="UTF-8"?>
<!-- Generated by org.testng.reporters.JUnitXMLReporter -->
<testsuite hostname="MX-IT01115" name="Default test" tests="3" failures="0" timestamp="5 Apr 2018 18:58:51 GMT" time="2.069" errors="0">
  <testcase name="testPostsValidation" time="1.641" classname="RestAssuredTraining.TAETrainingREST.JSONSchemaValidationTest"/>
  <testcase name="testPostsValidation" time="0.147" classname="RestAssuredTraining.TAETrainingREST.JSONSchemaValidationTest"/>
  <testcase name="testPostsValidation" time="0.252" classname="RestAssuredTraining.TAETrainingREST.JSONSchemaValidationTest"/>
</testsuite> <!-- Default test -->
