<?xml version="1.0" encoding="UTF-8"?>
<testng-results skipped="0" failed="0" total="3" passed="3">
  <reporter-output>
  </reporter-output>
  <suite name="Default suite" duration-ms="2069" started-at="2018-04-05T18:58:49Z" finished-at="2018-04-05T18:58:51Z">
    <groups>
    </groups>
    <test name="Default test" duration-ms="2069" started-at="2018-04-05T18:58:49Z" finished-at="2018-04-05T18:58:51Z">
      <class name="RestAssuredTraining.TAETrainingREST.JSONSchemaValidationTest">
        <test-method status="PASS" signature="testPostsValidation(java.lang.String, int, int, java.lang.String, java.lang.String)[pri:0, instance:RestAssuredTraining.TAETrainingREST.JSONSchemaValidationTest@8bd1b6a]" name="testPostsValidation" duration-ms="1641" started-at="2018-04-05T13:58:49Z" data-provider="PostValidationTest" finished-at="2018-04-05T13:58:51Z">
          <params>
            <param index="0">
              <value>
                <![CDATA[20]]>
              </value>
            </param>
            <param index="1">
              <value>
                <![CDATA[20]]>
              </value>
            </param>
            <param index="2">
              <value>
                <![CDATA[2]]>
              </value>
            </param>
            <param index="3">
              <value>
                <![CDATA[doloribus ad provident suscipit at]]>
              </value>
            </param>
            <param index="4">
              <value>
                <![CDATA[qui consequuntur ducimus possimus quisquam amet similique
suscipit porro ipsam amet
eos veritatis officiis exercitationem vel fugit aut necessitatibus totam
omnis rerum consequatur expedita quidem cumque explicabo]]>
              </value>
            </param>
          </params>
          <reporter-output>
          </reporter-output>
        </test-method> <!-- testPostsValidation -->
        <test-method status="PASS" signature="testPostsValidation(java.lang.String, int, int, java.lang.String, java.lang.String)[pri:0, instance:RestAssuredTraining.TAETrainingREST.JSONSchemaValidationTest@8bd1b6a]" name="testPostsValidation" duration-ms="147" started-at="2018-04-05T13:58:51Z" data-provider="PostValidationTest" finished-at="2018-04-05T13:58:51Z">
          <params>
            <param index="0">
              <value>
                <![CDATA[50]]>
              </value>
            </param>
            <param index="1">
              <value>
                <![CDATA[50]]>
              </value>
            </param>
            <param index="2">
              <value>
                <![CDATA[5]]>
              </value>
            </param>
            <param index="3">
              <value>
                <![CDATA[repellendus qui recusandae incidunt voluptates tenetur qui omnis exercitationem]]>
              </value>
            </param>
            <param index="4">
              <value>
                <![CDATA[error suscipit maxime adipisci consequuntur recusandae
voluptas eligendi et est et voluptates
quia distinctio ab amet quaerat molestiae et vitae
adipisci impedit sequi nesciunt quis consectetur]]>
              </value>
            </param>
          </params>
          <reporter-output>
          </reporter-output>
        </test-method> <!-- testPostsValidation -->
        <test-method status="PASS" signature="testPostsValidation(java.lang.String, int, int, java.lang.String, java.lang.String)[pri:0, instance:RestAssuredTraining.TAETrainingREST.JSONSchemaValidationTest@8bd1b6a]" name="testPostsValidation" duration-ms="252" started-at="2018-04-05T13:58:51Z" data-provider="PostValidationTest" finished-at="2018-04-05T13:58:51Z">
          <params>
            <param index="0">
              <value>
                <![CDATA[100]]>
              </value>
            </param>
            <param index="1">
              <value>
                <![CDATA[100]]>
              </value>
            </param>
            <param index="2">
              <value>
                <![CDATA[10]]>
              </value>
            </param>
            <param index="3">
              <value>
                <![CDATA[at nam consequatur ea labore ea harum]]>
              </value>
            </param>
            <param index="4">
              <value>
                <![CDATA[cupiditate quo est a modi nesciunt soluta
ipsa voluptas error itaque dicta in
autem qui minus magnam et distinctio eum
accusamus ratione error aut]]>
              </value>
            </param>
          </params>
          <reporter-output>
          </reporter-output>
        </test-method> <!-- testPostsValidation -->
      </class> <!-- RestAssuredTraining.TAETrainingREST.JSONSchemaValidationTest -->
    </test> <!-- Default test -->
  </suite> <!-- Default suite -->
</testng-results>
